\BOOKMARK [1][-]{section.1}{\376\377\145\207\163\056\176\374\217\360}{}% 1
\BOOKMARK [2][-]{subsection.1.1}{\376\377\000A\000b\000s\000t\000r\000a\000c\000t}{section.1}% 2
\BOOKMARK [2][-]{subsection.1.2}{\376\377\000I\000n\000t\000r\000o\000d\000u\000c\000t\000i\000o\000n}{section.1}% 3
\BOOKMARK [2][-]{subsection.1.3}{\376\377\000T\000r\000a\000d\000i\000t\000i\000o\000n\000a\000l\000\040\000m\000e\000t\000h\000o\000d\000s\000\040\000o\000f\000\040\000c\000o\000r\000o\000n\000a\000r\000y\000\040\000a\000r\000t\000e\000r\000y\000\040\000s\000e\000g\000m\000e\000n\000t\000a\000t\000i\000o\000n}{section.1}% 4
\BOOKMARK [3][-]{subsubsection.1.3.1}{\376\377\000R\000e\000g\000i\000o\000n\000a\000l\000-\000g\000r\000o\000w\000i\000n\000g\000\040\000a\000p\000p\000r\000o\000a\000c\000h\000e\000s}{subsection.1.3}% 5
\BOOKMARK [3][-]{subsubsection.1.3.2}{\376\377\000L\000e\000v\000e\000l\000-\000s\000e\000t\000\040\000m\000e\000t\000h\000o\000d\000s}{subsection.1.3}% 6
\BOOKMARK [3][-]{subsubsection.1.3.3}{\376\377\000F\000r\000a\000n\000g\000i\000'\000s\000\040\000v\000e\000s\000s\000e\000l\000n\000e\000s\000s\000\040\000f\000i\000l\000t\000e\000r}{subsection.1.3}% 7
\BOOKMARK [3][-]{subsubsection.1.3.4}{\376\377\000O\000t\000h\000e\000r\000\040\000r\000e\000l\000a\000t\000e\000d\000\040\000m\000e\000t\000h\000o\000d\000s}{subsection.1.3}% 8
\BOOKMARK [2][-]{subsection.1.4}{\376\377\000D\000e\000e\000p\000-\000l\000e\000a\000r\000n\000i\000n\000g\000\040\000b\000a\000s\000e\000d\000\040\000m\000e\000t\000h\000o\000d\000s\000\040\000o\000f\000\040\000c\000o\000r\000o\000n\000a\000r\000y\000\040\000a\000r\000t\000e\000r\000y\000\040\000s\000e\000g\000m\000e\000n\000t\000a\000t\000i\000o\000n}{section.1}% 9
\BOOKMARK [3][-]{subsubsection.1.4.1}{\376\377\000V\000a\000r\000i\000a\000n\000t\000s\000\040\000o\000f\000\040\000n\000e\000t\000w\000o\000r\000k\000s}{subsection.1.4}% 10
\BOOKMARK [3][-]{subsubsection.1.4.2}{\376\377\000D\000e\000e\000p\000-\000l\000e\000a\000r\000n\000i\000n\000g\000\040\000p\000r\000i\000o\000r\000\040\000k\000n\000o\000w\000l\000e\000d\000g\000e}{subsection.1.4}% 11
\BOOKMARK [3][-]{subsubsection.1.4.3}{\376\377\000D\000e\000e\000p\000-\000l\000e\000a\000r\000n\000i\000n\000g\000\040\000s\000t\000r\000a\000t\000e\000g\000i\000e\000s}{subsection.1.4}% 12
\BOOKMARK [2][-]{subsection.1.5}{\376\377\000F\000u\000t\000u\000r\000e\000\040\000d\000i\000r\000e\000c\000t\000i\000o\000n\000s\000\040\000a\000n\000d\000\040\000d\000e\000v\000e\000l\000o\000p\000m\000e\000n\000t\000s}{section.1}% 13
\BOOKMARK [3][-]{subsubsection.1.5.1}{\376\377\000C\000o\000m\000b\000i\000n\000e\000d\000\040\000t\000r\000a\000d\000i\000t\000i\000o\000n\000a\000l\000\040\000a\000n\000d\000\040\000d\000e\000e\000p\000-\000l\000e\000a\000r\000n\000i\000n\000g\000\040\000d\000i\000r\000e\000c\000t\000i\000o\000n}{subsection.1.5}% 14
\BOOKMARK [3][-]{subsubsection.1.5.2}{\376\377\000M\000o\000r\000e\000\040\000d\000i\000v\000e\000r\000s\000e\000\040\000m\000e\000t\000h\000o\000d\000s\000\040\000o\000f\000\040\000s\000u\000p\000e\000r\000v\000i\000s\000i\000o\000n}{subsection.1.5}% 15
\BOOKMARK [3][-]{subsubsection.1.5.3}{\376\377\000M\000o\000r\000e\000\040\000s\000c\000h\000e\000m\000e\000s\000\040\000b\000a\000s\000e\000d\000\040\000o\000n\000\040\000p\000r\000i\000o\000r\000\040\000k\000n\000o\000w\000l\000e\000d\000g\000e}{subsection.1.5}% 16
\BOOKMARK [1][-]{section.2}{\376\377\230\171\166\356\122\115\147\037\135\345\117\134\140\073\176\323}{}% 17
\BOOKMARK [2][-]{subsection.2.1}{\376\377\230\171\166\356\170\024\172\166\226\066\153\265}{section.2}% 18
\BOOKMARK [2][-]{subsection.2.2}{\376\377\230\171\166\356\170\024\172\166\217\333\134\125}{section.2}% 19
\BOOKMARK [3][-]{subsubsection.2.2.1}{\376\377\173\054\116\000\226\066\153\265\377\032\127\372\170\100\167\345\213\306\120\250\131\007\000\046\127\372\170\100\163\257\130\203\221\115\177\156}{subsection.2.2}% 20
\BOOKMARK [3][-]{subsubsection.2.2.2}{\376\377\173\054\116\214\226\066\153\265\377\032\173\200\123\125\173\227\154\325\177\026\121\231\000\046\171\136\176\317\177\121\176\334\213\255\176\303\133\236\144\315}{subsection.2.2}% 21
\BOOKMARK [3][-]{subsubsection.2.2.3}{\376\377\173\054\116\011\226\066\153\265\377\032\173\227\154\325\123\026\145\071\217\333\000\046\176\323\147\234\122\006\147\220\213\250\213\272}{subsection.2.2}% 22
\BOOKMARK [3][-]{subsubsection.2.2.4}{\376\377\173\054\126\333\226\066\153\265\377\032\172\336\215\133\121\306\131\007\000\046\000\040\000G\000U\000I\165\114\227\142\177\026\121\231\214\003\213\325}{subsection.2.2}% 23
\BOOKMARK [2][-]{subsection.2.3}{\376\377\230\171\166\356\123\326\137\227\142\020\176\351}{section.2}% 24
\BOOKMARK [2][-]{subsection.2.4}{\376\377\230\171\166\356\133\236\226\105\217\333\136\246\116\016\230\204\147\037}{section.2}% 25
\BOOKMARK [2][-]{subsection.2.5}{\376\377\230\171\166\356\137\000\134\125\220\107\122\060\166\204\225\356\230\230}{section.2}% 26
\BOOKMARK [1][-]{section.3}{\376\377\230\171\166\356\124\016\147\037\135\345\117\134\134\125\147\033}{}% 27
\BOOKMARK [2][-]{subsection.3.1}{\376\377\000G\000U\000I\145\271\124\021}{section.3}% 28
\BOOKMARK [2][-]{subsection.3.2}{\376\377\155\361\136\246\133\146\116\140\173\227\154\325\145\271\124\021}{section.3}% 29
\BOOKMARK [1][-]{section.4}{\376\377\176\317\215\071\117\177\165\050\140\305\121\265}{}% 30
